{"text": "2023-12-27 04:26:13 | INFO    | __main__:stash:131 | run - {'image': '20231121', 'version': '0.10.1.post2', 'role': 'EpicPlayer', 'headless': True}\n", "record": {"elapsed": {"repr": "0:00:01.123527", "seconds": 1.123527}, "exception": null, "extra": {"image": "20231121", "version": "0.10.1.post2", "role": "EpicPlayer", "headless": true}, "file": {"name": "claim.py", "path": "/home/runner/work/epic-claimer/epic-claimer/epic/src/claim.py"}, "function": "stash", "level": {"icon": "‚ÑπÔ∏è", "name": "INFO", "no": 20}, "line": 131, "message": "run", "module": "claim", "name": "__main__", "process": {"id": 3628, "name": "MainProcess"}, "thread": {"id": 140515308145536, "name": "MainThread"}, "time": {"repr": "2023-12-27 04:26:13.973081+08:00", "timestamp": 1703622373.973081}}}
{"text": "2023-12-27 04:26:20 | DEBUG    | __main__:create_tasks:66 | Put task - {'title': 'Human Resource Machine', 'url': 'https://store.epicgames.com/en-US/p/human-resource-machine'}\n", "record": {"elapsed": {"repr": "0:00:07.559336", "seconds": 7.559336}, "exception": null, "extra": {"title": "Human Resource Machine", "url": "https://store.epicgames.com/en-US/p/human-resource-machine"}, "file": {"name": "claim.py", "path": "/home/runner/work/epic-claimer/epic-claimer/epic/src/claim.py"}, "function": "create_tasks", "level": {"icon": "üêû", "name": "DEBUG", "no": 10}, "line": 66, "message": "Put task", "module": "claim", "name": "__main__", "process": {"id": 3628, "name": "MainProcess"}, "thread": {"id": 140515308145536, "name": "MainThread"}, "time": {"repr": "2023-12-27 04:26:20.408890+08:00", "timestamp": 1703622380.40889}}}
{"text": "2023-12-27 04:26:28 | INFO    | epic_games.agent:claim_weekly_games:294 | claim_weekly_games - {'action': 'go to store', 'url': 'https://store.epicgames.com/en-US/p/human-resource-machine'}\n", "record": {"elapsed": {"repr": "0:00:15.625491", "seconds": 15.625491}, "exception": null, "extra": {"action": "go to store", "url": "https://store.epicgames.com/en-US/p/human-resource-machine"}, "file": {"name": "agent.py", "path": "/home/runner/work/epic-claimer/epic-claimer/epic/src/epic_games/agent.py"}, "function": "claim_weekly_games", "level": {"icon": "‚ÑπÔ∏è", "name": "INFO", "no": 20}, "line": 294, "message": "claim_weekly_games", "module": "agent", "name": "epic_games.agent", "process": {"id": 3628, "name": "MainProcess"}, "thread": {"id": 140515308145536, "name": "MainThread"}, "time": {"repr": "2023-12-27 04:26:28.475045+08:00", "timestamp": 1703622388.475045}}}
{"text": "2023-12-27 04:26:39 | INFO    | epic_games.agent:claim_weekly_games:326 | claim_weekly_games - {'action': 'move to webPurchaseContainer iframe'}\n", "record": {"elapsed": {"repr": "0:00:26.249205", "seconds": 26.249205}, "exception": null, "extra": {"action": "move to webPurchaseContainer iframe"}, "file": {"name": "agent.py", "path": "/home/runner/work/epic-claimer/epic-claimer/epic/src/epic_games/agent.py"}, "function": "claim_weekly_games", "level": {"icon": "‚ÑπÔ∏è", "name": "INFO", "no": 20}, "line": 326, "message": "claim_weekly_games", "module": "agent", "name": "epic_games.agent", "process": {"id": 3628, "name": "MainProcess"}, "thread": {"id": 140515308145536, "name": "MainThread"}, "time": {"repr": "2023-12-27 04:26:39.098759+08:00", "timestamp": 1703622399.098759}}}
{"text": "2023-12-27 04:26:41 | INFO    | epic_games.agent:claim_weekly_games:328 | claim_weekly_games - {'action': 'click payment button'}\n", "record": {"elapsed": {"repr": "0:00:28.712028", "seconds": 28.712028}, "exception": null, "extra": {"action": "click payment button"}, "file": {"name": "agent.py", "path": "/home/runner/work/epic-claimer/epic-claimer/epic/src/epic_games/agent.py"}, "function": "claim_weekly_games", "level": {"icon": "‚ÑπÔ∏è", "name": "INFO", "no": 20}, "line": 328, "message": "claim_weekly_games", "module": "agent", "name": "epic_games.agent", "process": {"id": 3628, "name": "MainProcess"}, "thread": {"id": 140515308145536, "name": "MainThread"}, "time": {"repr": "2023-12-27 04:26:41.561582+08:00", "timestamp": 1703622401.561582}}}
{"text": "2023-12-27 04:26:46 | DEBUG    | hcaptcha_challenger.agents.playwright.control:_parse_label:241 | get task - {'prompt': 'Please click on all images of the heaviest animal species'}\n", "record": {"elapsed": {"repr": "0:00:33.714660", "seconds": 33.71466}, "exception": null, "extra": {"prompt": "Please click on all images of the heaviest animal species"}, "file": {"name": "control.py", "path": "/opt/hostedtoolcache/Python/3.10.13/x64/lib/python3.10/site-packages/hcaptcha_challenger/agents/playwright/control.py"}, "function": "_parse_label", "level": {"icon": "üêû", "name": "DEBUG", "no": 10}, "line": 241, "message": "get task", "module": "control", "name": "hcaptcha_challenger.agents.playwright.control", "process": {"id": 3628, "name": "MainProcess"}, "thread": {"id": 140515308145536, "name": "MainThread"}, "time": {"repr": "2023-12-27 04:26:46.564214+08:00", "timestamp": 1703622406.564214}}}
{"text": "2023-12-27 04:26:47 | DEBUG    | hcaptcha_challenger.agents.playwright.control:_catch_all_binary_challenge:474 | handle task - {'unsupervised': 'binary', 'candidate_labels': ['This is a picture that looks like please click on all images of the heaviest animal species.', \"This is a picture that don't look like please click on all images of the heaviest animal species.\"], 'prompt': 'Please click on all images of the heaviest animal species', 'timit': '0.892s'}\n", "record": {"elapsed": {"repr": "0:00:34.834765", "seconds": 34.834765}, "exception": null, "extra": {"unsupervised": "binary", "candidate_labels": ["This is a picture that looks like please click on all images of the heaviest animal species.", "This is a picture that don't look like please click on all images of the heaviest animal species."], "prompt": "Please click on all images of the heaviest animal species", "timit": "0.892s"}, "file": {"name": "control.py", "path": "/opt/hostedtoolcache/Python/3.10.13/x64/lib/python3.10/site-packages/hcaptcha_challenger/agents/playwright/control.py"}, "function": "_catch_all_binary_challenge", "level": {"icon": "üêû", "name": "DEBUG", "no": 10}, "line": 474, "message": "handle task", "module": "control", "name": "hcaptcha_challenger.agents.playwright.control", "process": {"id": 3628, "name": "MainProcess"}, "thread": {"id": 140515308145536, "name": "MainThread"}, "time": {"repr": "2023-12-27 04:26:47.684319+08:00", "timestamp": 1703622407.684319}}}
{"text": "2023-12-27 04:26:56 | DEBUG    | epic_games.agent:insert_challenge:106 | task done - {'sattus': 'success'}\n", "record": {"elapsed": {"repr": "0:00:44.144677", "seconds": 44.144677}, "exception": null, "extra": {"sattus": "success"}, "file": {"name": "agent.py", "path": "/home/runner/work/epic-claimer/epic-claimer/epic/src/epic_games/agent.py"}, "function": "insert_challenge", "level": {"icon": "üêû", "name": "DEBUG", "no": 10}, "line": 106, "message": "task done", "module": "agent", "name": "epic_games.agent", "process": {"id": 3628, "name": "MainProcess"}, "thread": {"id": 140515308145536, "name": "MainThread"}, "time": {"repr": "2023-12-27 04:26:56.994231+08:00", "timestamp": 1703622416.994231}}}
{"text": "2023-12-27 04:27:29 | INFO    | epic_games.agent:claim_weekly_games:294 | claim_weekly_games - {'action': 'go to store', 'url': 'https://store.epicgames.com/en-US/p/human-resource-machine'}\n", "record": {"elapsed": {"repr": "0:01:16.315819", "seconds": 76.315819}, "exception": null, "extra": {"action": "go to store", "url": "https://store.epicgames.com/en-US/p/human-resource-machine"}, "file": {"name": "agent.py", "path": "/home/runner/work/epic-claimer/epic-claimer/epic/src/epic_games/agent.py"}, "function": "claim_weekly_games", "level": {"icon": "‚ÑπÔ∏è", "name": "INFO", "no": 20}, "line": 294, "message": "claim_weekly_games", "module": "agent", "name": "epic_games.agent", "process": {"id": 3628, "name": "MainProcess"}, "thread": {"id": 140515308145536, "name": "MainThread"}, "time": {"repr": "2023-12-27 04:27:29.165373+08:00", "timestamp": 1703622449.165373}}}
{"text": "2023-12-27 04:27:37 | INFO    | epic_games.agent:claim_weekly_games:326 | claim_weekly_games - {'action': 'move to webPurchaseContainer iframe'}\n", "record": {"elapsed": {"repr": "0:01:24.647288", "seconds": 84.647288}, "exception": null, "extra": {"action": "move to webPurchaseContainer iframe"}, "file": {"name": "agent.py", "path": "/home/runner/work/epic-claimer/epic-claimer/epic/src/epic_games/agent.py"}, "function": "claim_weekly_games", "level": {"icon": "‚ÑπÔ∏è", "name": "INFO", "no": 20}, "line": 326, "message": "claim_weekly_games", "module": "agent", "name": "epic_games.agent", "process": {"id": 3628, "name": "MainProcess"}, "thread": {"id": 140515308145536, "name": "MainThread"}, "time": {"repr": "2023-12-27 04:27:37.496842+08:00", "timestamp": 1703622457.496842}}}
{"text": "2023-12-27 04:27:39 | INFO    | epic_games.agent:claim_weekly_games:328 | claim_weekly_games - {'action': 'click payment button'}\n", "record": {"elapsed": {"repr": "0:01:27.045817", "seconds": 87.045817}, "exception": null, "extra": {"action": "click payment button"}, "file": {"name": "agent.py", "path": "/home/runner/work/epic-claimer/epic-claimer/epic/src/epic_games/agent.py"}, "function": "claim_weekly_games", "level": {"icon": "‚ÑπÔ∏è", "name": "INFO", "no": 20}, "line": 328, "message": "claim_weekly_games", "module": "agent", "name": "epic_games.agent", "process": {"id": 3628, "name": "MainProcess"}, "thread": {"id": 140515308145536, "name": "MainThread"}, "time": {"repr": "2023-12-27 04:27:39.895371+08:00", "timestamp": 1703622459.895371}}}
{"text": "2023-12-27 04:27:44 | DEBUG    | hcaptcha_challenger.agents.playwright.control:_parse_label:241 | get task - {'prompt': 'Pleas–µ click on all images of t“ªe “ªeaviest animal species'}\n", "record": {"elapsed": {"repr": "0:01:32.057861", "seconds": 92.057861}, "exception": null, "extra": {"prompt": "Pleas–µ click on all images of t“ªe “ªeaviest animal species"}, "file": {"name": "control.py", "path": "/opt/hostedtoolcache/Python/3.10.13/x64/lib/python3.10/site-packages/hcaptcha_challenger/agents/playwright/control.py"}, "function": "_parse_label", "level": {"icon": "üêû", "name": "DEBUG", "no": 10}, "line": 241, "message": "get task", "module": "control", "name": "hcaptcha_challenger.agents.playwright.control", "process": {"id": 3628, "name": "MainProcess"}, "thread": {"id": 140515308145536, "name": "MainThread"}, "time": {"repr": "2023-12-27 04:27:44.907415+08:00", "timestamp": 1703622464.907415}}}
{"text": "2023-12-27 04:27:45 | DEBUG    | hcaptcha_challenger.agents.playwright.control:_catch_all_binary_challenge:474 | handle task - {'unsupervised': 'binary', 'candidate_labels': ['This is a picture that looks like please click on all images of the heaviest animal species.', \"This is a picture that don't look like please click on all images of the heaviest animal species.\"], 'prompt': 'Pleas–µ click on all images of t“ªe “ªeaviest animal species', 'timit': '0.761s'}\n", "record": {"elapsed": {"repr": "0:01:32.993519", "seconds": 92.993519}, "exception": null, "extra": {"unsupervised": "binary", "candidate_labels": ["This is a picture that looks like please click on all images of the heaviest animal species.", "This is a picture that don't look like please click on all images of the heaviest animal species."], "prompt": "Pleas–µ click on all images of t“ªe “ªeaviest animal species", "timit": "0.761s"}, "file": {"name": "control.py", "path": "/opt/hostedtoolcache/Python/3.10.13/x64/lib/python3.10/site-packages/hcaptcha_challenger/agents/playwright/control.py"}, "function": "_catch_all_binary_challenge", "level": {"icon": "üêû", "name": "DEBUG", "no": 10}, "line": 474, "message": "handle task", "module": "control", "name": "hcaptcha_challenger.agents.playwright.control", "process": {"id": 3628, "name": "MainProcess"}, "thread": {"id": 140515308145536, "name": "MainThread"}, "time": {"repr": "2023-12-27 04:27:45.843073+08:00", "timestamp": 1703622465.843073}}}
{"text": "2023-12-27 04:27:55 | DEBUG    | epic_games.agent:insert_challenge:106 | task done - {'sattus': 'success'}\n", "record": {"elapsed": {"repr": "0:01:42.546105", "seconds": 102.546105}, "exception": null, "extra": {"sattus": "success"}, "file": {"name": "agent.py", "path": "/home/runner/work/epic-claimer/epic-claimer/epic/src/epic_games/agent.py"}, "function": "insert_challenge", "level": {"icon": "üêû", "name": "DEBUG", "no": 10}, "line": 106, "message": "task done", "module": "agent", "name": "epic_games.agent", "process": {"id": 3628, "name": "MainProcess"}, "thread": {"id": 140515308145536, "name": "MainThread"}, "time": {"repr": "2023-12-27 04:27:55.395659+08:00", "timestamp": 1703622475.395659}}}
{"text": "2023-12-27 04:28:27 | INFO    | epic_games.agent:claim_weekly_games:294 | claim_weekly_games - {'action': 'go to store', 'url': 'https://store.epicgames.com/en-US/p/human-resource-machine'}\n", "record": {"elapsed": {"repr": "0:02:14.719790", "seconds": 134.71979}, "exception": null, "extra": {"action": "go to store", "url": "https://store.epicgames.com/en-US/p/human-resource-machine"}, "file": {"name": "agent.py", "path": "/home/runner/work/epic-claimer/epic-claimer/epic/src/epic_games/agent.py"}, "function": "claim_weekly_games", "level": {"icon": "‚ÑπÔ∏è", "name": "INFO", "no": 20}, "line": 294, "message": "claim_weekly_games", "module": "agent", "name": "epic_games.agent", "process": {"id": 3628, "name": "MainProcess"}, "thread": {"id": 140515308145536, "name": "MainThread"}, "time": {"repr": "2023-12-27 04:28:27.569344+08:00", "timestamp": 1703622507.569344}}}
{"text": "2023-12-27 04:28:35 | INFO    | epic_games.agent:claim_weekly_games:326 | claim_weekly_games - {'action': 'move to webPurchaseContainer iframe'}\n", "record": {"elapsed": {"repr": "0:02:22.988015", "seconds": 142.988015}, "exception": null, "extra": {"action": "move to webPurchaseContainer iframe"}, "file": {"name": "agent.py", "path": "/home/runner/work/epic-claimer/epic-claimer/epic/src/epic_games/agent.py"}, "function": "claim_weekly_games", "level": {"icon": "‚ÑπÔ∏è", "name": "INFO", "no": 20}, "line": 326, "message": "claim_weekly_games", "module": "agent", "name": "epic_games.agent", "process": {"id": 3628, "name": "MainProcess"}, "thread": {"id": 140515308145536, "name": "MainThread"}, "time": {"repr": "2023-12-27 04:28:35.837569+08:00", "timestamp": 1703622515.837569}}}
{"text": "2023-12-27 04:28:38 | INFO    | epic_games.agent:claim_weekly_games:328 | claim_weekly_games - {'action': 'click payment button'}\n", "record": {"elapsed": {"repr": "0:02:25.369667", "seconds": 145.369667}, "exception": null, "extra": {"action": "click payment button"}, "file": {"name": "agent.py", "path": "/home/runner/work/epic-claimer/epic-claimer/epic/src/epic_games/agent.py"}, "function": "claim_weekly_games", "level": {"icon": "‚ÑπÔ∏è", "name": "INFO", "no": 20}, "line": 328, "message": "claim_weekly_games", "module": "agent", "name": "epic_games.agent", "process": {"id": 3628, "name": "MainProcess"}, "thread": {"id": 140515308145536, "name": "MainThread"}, "time": {"repr": "2023-12-27 04:28:38.219221+08:00", "timestamp": 1703622518.219221}}}
{"text": "2023-12-27 04:28:43 | DEBUG    | hcaptcha_challenger.agents.playwright.control:_parse_label:241 | get task - {'prompt': 'Please click on all images Œøf the heaviest animal s—Äecies'}\n", "record": {"elapsed": {"repr": "0:02:30.372120", "seconds": 150.37212}, "exception": null, "extra": {"prompt": "Please click on all images Œøf the heaviest animal s—Äecies"}, "file": {"name": "control.py", "path": "/opt/hostedtoolcache/Python/3.10.13/x64/lib/python3.10/site-packages/hcaptcha_challenger/agents/playwright/control.py"}, "function": "_parse_label", "level": {"icon": "üêû", "name": "DEBUG", "no": 10}, "line": 241, "message": "get task", "module": "control", "name": "hcaptcha_challenger.agents.playwright.control", "process": {"id": 3628, "name": "MainProcess"}, "thread": {"id": 140515308145536, "name": "MainThread"}, "time": {"repr": "2023-12-27 04:28:43.221674+08:00", "timestamp": 1703622523.221674}}}
{"text": "2023-12-27 04:28:44 | DEBUG    | hcaptcha_challenger.agents.playwright.control:_catch_all_binary_challenge:474 | handle task - {'unsupervised': 'binary', 'candidate_labels': ['This is a picture that looks like please click on all images of the heaviest animal species.', \"This is a picture that don't look like please click on all images of the heaviest animal species.\"], 'prompt': 'Please click on all images Œøf the heaviest animal s—Äecies', 'timit': '0.730s'}\n", "record": {"elapsed": {"repr": "0:02:31.281770", "seconds": 151.28177}, "exception": null, "extra": {"unsupervised": "binary", "candidate_labels": ["This is a picture that looks like please click on all images of the heaviest animal species.", "This is a picture that don't look like please click on all images of the heaviest animal species."], "prompt": "Please click on all images Œøf the heaviest animal s—Äecies", "timit": "0.730s"}, "file": {"name": "control.py", "path": "/opt/hostedtoolcache/Python/3.10.13/x64/lib/python3.10/site-packages/hcaptcha_challenger/agents/playwright/control.py"}, "function": "_catch_all_binary_challenge", "level": {"icon": "üêû", "name": "DEBUG", "no": 10}, "line": 474, "message": "handle task", "module": "control", "name": "hcaptcha_challenger.agents.playwright.control", "process": {"id": 3628, "name": "MainProcess"}, "thread": {"id": 140515308145536, "name": "MainThread"}, "time": {"repr": "2023-12-27 04:28:44.131324+08:00", "timestamp": 1703622524.131324}}}
{"text": "2023-12-27 04:28:53 | DEBUG    | epic_games.agent:insert_challenge:106 | task done - {'sattus': 'success'}\n", "record": {"elapsed": {"repr": "0:02:40.475714", "seconds": 160.475714}, "exception": null, "extra": {"sattus": "success"}, "file": {"name": "agent.py", "path": "/home/runner/work/epic-claimer/epic-claimer/epic/src/epic_games/agent.py"}, "function": "insert_challenge", "level": {"icon": "üêû", "name": "DEBUG", "no": 10}, "line": 106, "message": "task done", "module": "agent", "name": "epic_games.agent", "process": {"id": 3628, "name": "MainProcess"}, "thread": {"id": 140515308145536, "name": "MainThread"}, "time": {"repr": "2023-12-27 04:28:53.325268+08:00", "timestamp": 1703622533.325268}}}
{"text": "2023-12-27 04:29:25 | ERROR    | __main__:run:158 | An error has been caught in function 'run', process 'MainProcess' (3628), thread 'MainThread' (140515308145536): - {}\nTraceback (most recent call last):\n  File \"/home/runner/work/epic-claimer/epic-claimer/epic/src/claim.py\", line 151, in stash\n    await self.claim_epic_games(context)\n  File \"/home/runner/work/epic-claimer/epic-claimer/epic/src/claim.py\", line 122, in claim_epic_games\n    await epic.claim_weekly_games(page, single_promotions)\n  File \"/opt/hostedtoolcache/Python/3.10.13/x64/lib/python3.10/site-packages/tenacity/_asyncio.py\", line 88, in async_wrapped\n    return await fn(*args, **kwargs)\n  File \"/opt/hostedtoolcache/Python/3.10.13/x64/lib/python3.10/site-packages/tenacity/_asyncio.py\", line 47, in __call__\n    do = self.iter(retry_state=retry_state)\n  File \"/opt/hostedtoolcache/Python/3.10.13/x64/lib/python3.10/site-packages/tenacity/__init__.py\", line 325, in iter\n    raise retry_exc.reraise()\n  File \"/opt/hostedtoolcache/Python/3.10.13/x64/lib/python3.10/site-packages/tenacity/__init__.py\", line 158, in reraise\n    raise self.last_attempt.result()\n  File \"/opt/hostedtoolcache/Python/3.10.13/x64/lib/python3.10/concurrent/futures/_base.py\", line 451, in result\n    return self.__get_result()\n  File \"/opt/hostedtoolcache/Python/3.10.13/x64/lib/python3.10/concurrent/futures/_base.py\", line 403, in __get_result\n    raise self._exception\n  File \"/opt/hostedtoolcache/Python/3.10.13/x64/lib/python3.10/site-packages/tenacity/_asyncio.py\", line 50, in __call__\n    result = await fn(*args, **kwargs)\n  File \"/home/runner/work/epic-claimer/epic-claimer/epic/src/epic_games/agent.py\", line 338, in claim_weekly_games\n    await page.wait_for_url(recur_url)\n  File \"/opt/hostedtoolcache/Python/3.10.13/x64/lib/python3.10/site-packages/playwright/async_api/_generated.py\", line 9417, in wait_for_url\n    await self._impl_obj.wait_for_url(\n  File \"/opt/hostedtoolcache/Python/3.10.13/x64/lib/python3.10/site-packages/playwright/_impl/_page.py\", line 499, in wait_for_url\n    return await self._main_frame.wait_for_url(**locals_to_params(locals()))\n  File \"/opt/hostedtoolcache/Python/3.10.13/x64/lib/python3.10/site-packages/playwright/_impl/_frame.py\", line 227, in wait_for_url\n    async with self.expect_navigation(\n  File \"/opt/hostedtoolcache/Python/3.10.13/x64/lib/python3.10/site-packages/playwright/_impl/_event_context_manager.py\", line 33, in __aexit__\n    await self._future\n  File \"/opt/hostedtoolcache/Python/3.10.13/x64/lib/python3.10/site-packages/playwright/_impl/_frame.py\", line 202, in continuation\n    event = await waiter.result()\nplaywright._impl._errors.TimeoutError: Timeout 30000ms exceeded.\n=========================== logs ===========================\nwaiting for navigation to \"https://store.epicgames.com/en-US/cart/success\" until 'load'\n============================================================\n\nDuring handling of the above exception, another exception occurred:\n\nTraceback (most recent call last):\n  File \"/home/runner/work/epic-claimer/epic-claimer/epic/src/claim.py\", line 162, in <module>\n    asyncio.run(run())\n  File \"/opt/hostedtoolcache/Python/3.10.13/x64/lib/python3.10/asyncio/runners.py\", line 44, in run\n    return loop.run_until_complete(main)\n  File \"/opt/hostedtoolcache/Python/3.10.13/x64/lib/python3.10/asyncio/base_events.py\", line 636, in run_until_complete\n    self.run_forever()\n  File \"/opt/hostedtoolcache/Python/3.10.13/x64/lib/python3.10/asyncio/base_events.py\", line 603, in run_forever\n    self._run_once()\n  File \"/opt/hostedtoolcache/Python/3.10.13/x64/lib/python3.10/asyncio/base_events.py\", line 1909, in _run_once\n    handle._run()\n  File \"/opt/hostedtoolcache/Python/3.10.13/x64/lib/python3.10/asyncio/events.py\", line 80, in _run\n    self._context.run(self._callback, *self._args)\n> File \"/home/runner/work/epic-claimer/epic-claimer/epic/src/claim.py\", line 158, in run\n    await agent.stash()\n  File \"/home/runner/work/epic-claimer/epic-claimer/epic/src/claim.py\", line 139, in stash\n    async with async_playwright() as p:\n  File \"/opt/hostedtoolcache/Python/3.10.13/x64/lib/python3.10/site-packages/playwright/async_api/_context_manager.py\", line 58, in __aexit__\n    await self._connection.stop_async()\n  File \"/opt/hostedtoolcache/Python/3.10.13/x64/lib/python3.10/site-packages/playwright/_impl/_connection.py\", line 288, in stop_async\n    self.cleanup()\n  File \"/opt/hostedtoolcache/Python/3.10.13/x64/lib/python3.10/site-packages/playwright/_impl/_connection.py\", line 299, in cleanup\n    callback.future.set_exception(self._closed_error)\nasyncio.exceptions.InvalidStateError: invalid state\n", "record": {"elapsed": {"repr": "0:03:12.297187", "seconds": 192.297187}, "exception": {"type": "InvalidStateError", "value": "invalid state", "traceback": true}, "extra": {}, "file": {"name": "claim.py", "path": "/home/runner/work/epic-claimer/epic-claimer/epic/src/claim.py"}, "function": "run", "level": {"icon": "‚ùå", "name": "ERROR", "no": 40}, "line": 158, "message": "An error has been caught in function 'run', process 'MainProcess' (3628), thread 'MainThread' (140515308145536):", "module": "claim", "name": "__main__", "process": {"id": 3628, "name": "MainProcess"}, "thread": {"id": 140515308145536, "name": "MainThread"}, "time": {"repr": "2023-12-27 04:29:25.146741+08:00", "timestamp": 1703622565.146741}}}
