{"text": "2023-12-25 04:25:39 | INFO    | __main__:stash:131 | run - {'image': '20231121', 'version': '0.10.1.post2', 'role': 'EpicPlayer', 'headless': True}\n", "record": {"elapsed": {"repr": "0:00:01.013198", "seconds": 1.013198}, "exception": null, "extra": {"image": "20231121", "version": "0.10.1.post2", "role": "EpicPlayer", "headless": true}, "file": {"name": "claim.py", "path": "/home/runner/work/epic-claimer/epic-claimer/epic/src/claim.py"}, "function": "stash", "level": {"icon": "‚ÑπÔ∏è", "name": "INFO", "no": 20}, "line": 131, "message": "run", "module": "claim", "name": "__main__", "process": {"id": 3497, "name": "MainProcess"}, "thread": {"id": 140148081834880, "name": "MainThread"}, "time": {"repr": "2023-12-25 04:25:39.452852+08:00", "timestamp": 1703449539.452852}}}
{"text": "2023-12-25 04:25:45 | DEBUG    | __main__:create_tasks:66 | Put task - {'title': 'Ghostwire: Tokyo', 'url': 'https://store.epicgames.com/en-US/p/ghostwire-tokyo'}\n", "record": {"elapsed": {"repr": "0:00:07.034427", "seconds": 7.034427}, "exception": null, "extra": {"title": "Ghostwire: Tokyo", "url": "https://store.epicgames.com/en-US/p/ghostwire-tokyo"}, "file": {"name": "claim.py", "path": "/home/runner/work/epic-claimer/epic-claimer/epic/src/claim.py"}, "function": "create_tasks", "level": {"icon": "üêû", "name": "DEBUG", "no": 10}, "line": 66, "message": "Put task", "module": "claim", "name": "__main__", "process": {"id": 3497, "name": "MainProcess"}, "thread": {"id": 140148081834880, "name": "MainThread"}, "time": {"repr": "2023-12-25 04:25:45.474081+08:00", "timestamp": 1703449545.474081}}}
{"text": "2023-12-25 04:25:50 | INFO    | epic_games.agent:claim_weekly_games:294 | claim_weekly_games - {'action': 'go to store', 'url': 'https://store.epicgames.com/en-US/p/ghostwire-tokyo'}\n", "record": {"elapsed": {"repr": "0:00:11.784905", "seconds": 11.784905}, "exception": null, "extra": {"action": "go to store", "url": "https://store.epicgames.com/en-US/p/ghostwire-tokyo"}, "file": {"name": "agent.py", "path": "/home/runner/work/epic-claimer/epic-claimer/epic/src/epic_games/agent.py"}, "function": "claim_weekly_games", "level": {"icon": "‚ÑπÔ∏è", "name": "INFO", "no": 20}, "line": 294, "message": "claim_weekly_games", "module": "agent", "name": "epic_games.agent", "process": {"id": 3497, "name": "MainProcess"}, "thread": {"id": 140148081834880, "name": "MainThread"}, "time": {"repr": "2023-12-25 04:25:50.224559+08:00", "timestamp": 1703449550.224559}}}
{"text": "2023-12-25 04:26:01 | INFO    | epic_games.agent:claim_weekly_games:326 | claim_weekly_games - {'action': 'move to webPurchaseContainer iframe'}\n", "record": {"elapsed": {"repr": "0:00:22.756156", "seconds": 22.756156}, "exception": null, "extra": {"action": "move to webPurchaseContainer iframe"}, "file": {"name": "agent.py", "path": "/home/runner/work/epic-claimer/epic-claimer/epic/src/epic_games/agent.py"}, "function": "claim_weekly_games", "level": {"icon": "‚ÑπÔ∏è", "name": "INFO", "no": 20}, "line": 326, "message": "claim_weekly_games", "module": "agent", "name": "epic_games.agent", "process": {"id": 3497, "name": "MainProcess"}, "thread": {"id": 140148081834880, "name": "MainThread"}, "time": {"repr": "2023-12-25 04:26:01.195810+08:00", "timestamp": 1703449561.19581}}}
{"text": "2023-12-25 04:26:03 | INFO    | epic_games.agent:claim_weekly_games:328 | claim_weekly_games - {'action': 'click payment button'}\n", "record": {"elapsed": {"repr": "0:00:25.218873", "seconds": 25.218873}, "exception": null, "extra": {"action": "click payment button"}, "file": {"name": "agent.py", "path": "/home/runner/work/epic-claimer/epic-claimer/epic/src/epic_games/agent.py"}, "function": "claim_weekly_games", "level": {"icon": "‚ÑπÔ∏è", "name": "INFO", "no": 20}, "line": 328, "message": "claim_weekly_games", "module": "agent", "name": "epic_games.agent", "process": {"id": 3497, "name": "MainProcess"}, "thread": {"id": 140148081834880, "name": "MainThread"}, "time": {"repr": "2023-12-25 04:26:03.658527+08:00", "timestamp": 1703449563.658527}}}
{"text": "2023-12-25 04:26:08 | DEBUG    | hcaptcha_challenger.agents.playwright.control:_parse_label:241 | get task - {'prompt': 'Œ°lease click on all images of the heaviest animal species'}\n", "record": {"elapsed": {"repr": "0:00:30.220876", "seconds": 30.220876}, "exception": null, "extra": {"prompt": "Œ°lease click on all images of the heaviest animal species"}, "file": {"name": "control.py", "path": "/opt/hostedtoolcache/Python/3.10.13/x64/lib/python3.10/site-packages/hcaptcha_challenger/agents/playwright/control.py"}, "function": "_parse_label", "level": {"icon": "üêû", "name": "DEBUG", "no": 10}, "line": 241, "message": "get task", "module": "control", "name": "hcaptcha_challenger.agents.playwright.control", "process": {"id": 3497, "name": "MainProcess"}, "thread": {"id": 140148081834880, "name": "MainThread"}, "time": {"repr": "2023-12-25 04:26:08.660530+08:00", "timestamp": 1703449568.66053}}}
{"text": "2023-12-25 04:26:09 | DEBUG    | hcaptcha_challenger.agents.playwright.control:_catch_all_binary_challenge:474 | handle task - {'unsupervised': 'binary', 'candidate_labels': ['This is a picture that looks like œÅlease click on all images of the heaviest animal species.', \"This is a picture that don't look like œÅlease click on all images of the heaviest animal species.\"], 'prompt': 'Œ°lease click on all images of the heaviest animal species', 'timit': '0.902s'}\n", "record": {"elapsed": {"repr": "0:00:31.354546", "seconds": 31.354546}, "exception": null, "extra": {"unsupervised": "binary", "candidate_labels": ["This is a picture that looks like œÅlease click on all images of the heaviest animal species.", "This is a picture that don't look like œÅlease click on all images of the heaviest animal species."], "prompt": "Œ°lease click on all images of the heaviest animal species", "timit": "0.902s"}, "file": {"name": "control.py", "path": "/opt/hostedtoolcache/Python/3.10.13/x64/lib/python3.10/site-packages/hcaptcha_challenger/agents/playwright/control.py"}, "function": "_catch_all_binary_challenge", "level": {"icon": "üêû", "name": "DEBUG", "no": 10}, "line": 474, "message": "handle task", "module": "control", "name": "hcaptcha_challenger.agents.playwright.control", "process": {"id": 3497, "name": "MainProcess"}, "thread": {"id": 140148081834880, "name": "MainThread"}, "time": {"repr": "2023-12-25 04:26:09.794200+08:00", "timestamp": 1703449569.7942}}}
{"text": "2023-12-25 04:26:20 | DEBUG    | epic_games.agent:insert_challenge:106 | task done - {'sattus': 'success'}\n", "record": {"elapsed": {"repr": "0:00:41.593125", "seconds": 41.593125}, "exception": null, "extra": {"sattus": "success"}, "file": {"name": "agent.py", "path": "/home/runner/work/epic-claimer/epic-claimer/epic/src/epic_games/agent.py"}, "function": "insert_challenge", "level": {"icon": "üêû", "name": "DEBUG", "no": 10}, "line": 106, "message": "task done", "module": "agent", "name": "epic_games.agent", "process": {"id": 3497, "name": "MainProcess"}, "thread": {"id": 140148081834880, "name": "MainThread"}, "time": {"repr": "2023-12-25 04:26:20.032779+08:00", "timestamp": 1703449580.032779}}}
{"text": "2023-12-25 04:26:52 | INFO    | epic_games.agent:claim_weekly_games:294 | claim_weekly_games - {'action': 'go to store', 'url': 'https://store.epicgames.com/en-US/p/ghostwire-tokyo'}\n", "record": {"elapsed": {"repr": "0:01:13.760598", "seconds": 73.760598}, "exception": null, "extra": {"action": "go to store", "url": "https://store.epicgames.com/en-US/p/ghostwire-tokyo"}, "file": {"name": "agent.py", "path": "/home/runner/work/epic-claimer/epic-claimer/epic/src/epic_games/agent.py"}, "function": "claim_weekly_games", "level": {"icon": "‚ÑπÔ∏è", "name": "INFO", "no": 20}, "line": 294, "message": "claim_weekly_games", "module": "agent", "name": "epic_games.agent", "process": {"id": 3497, "name": "MainProcess"}, "thread": {"id": 140148081834880, "name": "MainThread"}, "time": {"repr": "2023-12-25 04:26:52.200252+08:00", "timestamp": 1703449612.200252}}}
{"text": "2023-12-25 04:27:00 | INFO    | epic_games.agent:claim_weekly_games:326 | claim_weekly_games - {'action': 'move to webPurchaseContainer iframe'}\n", "record": {"elapsed": {"repr": "0:01:22.519581", "seconds": 82.519581}, "exception": null, "extra": {"action": "move to webPurchaseContainer iframe"}, "file": {"name": "agent.py", "path": "/home/runner/work/epic-claimer/epic-claimer/epic/src/epic_games/agent.py"}, "function": "claim_weekly_games", "level": {"icon": "‚ÑπÔ∏è", "name": "INFO", "no": 20}, "line": 326, "message": "claim_weekly_games", "module": "agent", "name": "epic_games.agent", "process": {"id": 3497, "name": "MainProcess"}, "thread": {"id": 140148081834880, "name": "MainThread"}, "time": {"repr": "2023-12-25 04:27:00.959235+08:00", "timestamp": 1703449620.959235}}}
{"text": "2023-12-25 04:27:03 | INFO    | epic_games.agent:claim_weekly_games:328 | claim_weekly_games - {'action': 'click payment button'}\n", "record": {"elapsed": {"repr": "0:01:25.044154", "seconds": 85.044154}, "exception": null, "extra": {"action": "click payment button"}, "file": {"name": "agent.py", "path": "/home/runner/work/epic-claimer/epic-claimer/epic/src/epic_games/agent.py"}, "function": "claim_weekly_games", "level": {"icon": "‚ÑπÔ∏è", "name": "INFO", "no": 20}, "line": 328, "message": "claim_weekly_games", "module": "agent", "name": "epic_games.agent", "process": {"id": 3497, "name": "MainProcess"}, "thread": {"id": 140148081834880, "name": "MainThread"}, "time": {"repr": "2023-12-25 04:27:03.483808+08:00", "timestamp": 1703449623.483808}}}
{"text": "2023-12-25 04:27:08 | DEBUG    | hcaptcha_challenger.agents.playwright.control:_parse_label:241 | get task - {'prompt': 'Please cli—Åk on all images of the heaviest animal spe—Åies'}\n", "record": {"elapsed": {"repr": "0:01:30.046198", "seconds": 90.046198}, "exception": null, "extra": {"prompt": "Please cli—Åk on all images of the heaviest animal spe—Åies"}, "file": {"name": "control.py", "path": "/opt/hostedtoolcache/Python/3.10.13/x64/lib/python3.10/site-packages/hcaptcha_challenger/agents/playwright/control.py"}, "function": "_parse_label", "level": {"icon": "üêû", "name": "DEBUG", "no": 10}, "line": 241, "message": "get task", "module": "control", "name": "hcaptcha_challenger.agents.playwright.control", "process": {"id": 3497, "name": "MainProcess"}, "thread": {"id": 140148081834880, "name": "MainThread"}, "time": {"repr": "2023-12-25 04:27:08.485852+08:00", "timestamp": 1703449628.485852}}}
{"text": "2023-12-25 04:27:09 | DEBUG    | hcaptcha_challenger.agents.playwright.control:_catch_all_binary_challenge:474 | handle task - {'unsupervised': 'binary', 'candidate_labels': ['This is a picture that looks like please click on all images of the heaviest animal species.', \"This is a picture that don't look like please click on all images of the heaviest animal species.\"], 'prompt': 'Please cli—Åk on all images of the heaviest animal spe—Åies', 'timit': '0.724s'}\n", "record": {"elapsed": {"repr": "0:01:30.909124", "seconds": 90.909124}, "exception": null, "extra": {"unsupervised": "binary", "candidate_labels": ["This is a picture that looks like please click on all images of the heaviest animal species.", "This is a picture that don't look like please click on all images of the heaviest animal species."], "prompt": "Please cli—Åk on all images of the heaviest animal spe—Åies", "timit": "0.724s"}, "file": {"name": "control.py", "path": "/opt/hostedtoolcache/Python/3.10.13/x64/lib/python3.10/site-packages/hcaptcha_challenger/agents/playwright/control.py"}, "function": "_catch_all_binary_challenge", "level": {"icon": "üêû", "name": "DEBUG", "no": 10}, "line": 474, "message": "handle task", "module": "control", "name": "hcaptcha_challenger.agents.playwright.control", "process": {"id": 3497, "name": "MainProcess"}, "thread": {"id": 140148081834880, "name": "MainThread"}, "time": {"repr": "2023-12-25 04:27:09.348778+08:00", "timestamp": 1703449629.348778}}}
{"text": "2023-12-25 04:27:22 | DEBUG    | epic_games.agent:insert_challenge:106 | task done - {'sattus': 'success'}\n", "record": {"elapsed": {"repr": "0:01:43.592634", "seconds": 103.592634}, "exception": null, "extra": {"sattus": "success"}, "file": {"name": "agent.py", "path": "/home/runner/work/epic-claimer/epic-claimer/epic/src/epic_games/agent.py"}, "function": "insert_challenge", "level": {"icon": "üêû", "name": "DEBUG", "no": 10}, "line": 106, "message": "task done", "module": "agent", "name": "epic_games.agent", "process": {"id": 3497, "name": "MainProcess"}, "thread": {"id": 140148081834880, "name": "MainThread"}, "time": {"repr": "2023-12-25 04:27:22.032288+08:00", "timestamp": 1703449642.032288}}}
{"text": "2023-12-25 04:27:54 | INFO    | epic_games.agent:claim_weekly_games:294 | claim_weekly_games - {'action': 'go to store', 'url': 'https://store.epicgames.com/en-US/p/ghostwire-tokyo'}\n", "record": {"elapsed": {"repr": "0:02:15.762568", "seconds": 135.762568}, "exception": null, "extra": {"action": "go to store", "url": "https://store.epicgames.com/en-US/p/ghostwire-tokyo"}, "file": {"name": "agent.py", "path": "/home/runner/work/epic-claimer/epic-claimer/epic/src/epic_games/agent.py"}, "function": "claim_weekly_games", "level": {"icon": "‚ÑπÔ∏è", "name": "INFO", "no": 20}, "line": 294, "message": "claim_weekly_games", "module": "agent", "name": "epic_games.agent", "process": {"id": 3497, "name": "MainProcess"}, "thread": {"id": 140148081834880, "name": "MainThread"}, "time": {"repr": "2023-12-25 04:27:54.202222+08:00", "timestamp": 1703449674.202222}}}
{"text": "2023-12-25 04:28:03 | INFO    | epic_games.agent:claim_weekly_games:326 | claim_weekly_games - {'action': 'move to webPurchaseContainer iframe'}\n", "record": {"elapsed": {"repr": "0:02:24.675330", "seconds": 144.67533}, "exception": null, "extra": {"action": "move to webPurchaseContainer iframe"}, "file": {"name": "agent.py", "path": "/home/runner/work/epic-claimer/epic-claimer/epic/src/epic_games/agent.py"}, "function": "claim_weekly_games", "level": {"icon": "‚ÑπÔ∏è", "name": "INFO", "no": 20}, "line": 326, "message": "claim_weekly_games", "module": "agent", "name": "epic_games.agent", "process": {"id": 3497, "name": "MainProcess"}, "thread": {"id": 140148081834880, "name": "MainThread"}, "time": {"repr": "2023-12-25 04:28:03.114984+08:00", "timestamp": 1703449683.114984}}}
{"text": "2023-12-25 04:28:05 | INFO    | epic_games.agent:claim_weekly_games:328 | claim_weekly_games - {'action': 'click payment button'}\n", "record": {"elapsed": {"repr": "0:02:27.061663", "seconds": 147.061663}, "exception": null, "extra": {"action": "click payment button"}, "file": {"name": "agent.py", "path": "/home/runner/work/epic-claimer/epic-claimer/epic/src/epic_games/agent.py"}, "function": "claim_weekly_games", "level": {"icon": "‚ÑπÔ∏è", "name": "INFO", "no": 20}, "line": 328, "message": "claim_weekly_games", "module": "agent", "name": "epic_games.agent", "process": {"id": 3497, "name": "MainProcess"}, "thread": {"id": 140148081834880, "name": "MainThread"}, "time": {"repr": "2023-12-25 04:28:05.501317+08:00", "timestamp": 1703449685.501317}}}
{"text": "2023-12-25 04:28:10 | DEBUG    | hcaptcha_challenger.agents.playwright.control:_parse_label:241 | get task - {'prompt': 'Ple–∞se —Ålick on all im–∞ges of t“ªe heaviest –∞n—ñmal species'}\n", "record": {"elapsed": {"repr": "0:02:32.063727", "seconds": 152.063727}, "exception": null, "extra": {"prompt": "Ple–∞se —Ålick on all im–∞ges of t“ªe heaviest –∞n—ñmal species"}, "file": {"name": "control.py", "path": "/opt/hostedtoolcache/Python/3.10.13/x64/lib/python3.10/site-packages/hcaptcha_challenger/agents/playwright/control.py"}, "function": "_parse_label", "level": {"icon": "üêû", "name": "DEBUG", "no": 10}, "line": 241, "message": "get task", "module": "control", "name": "hcaptcha_challenger.agents.playwright.control", "process": {"id": 3497, "name": "MainProcess"}, "thread": {"id": 140148081834880, "name": "MainThread"}, "time": {"repr": "2023-12-25 04:28:10.503381+08:00", "timestamp": 1703449690.503381}}}
{"text": "2023-12-25 04:28:11 | DEBUG    | hcaptcha_challenger.agents.playwright.control:_catch_all_binary_challenge:474 | handle task - {'unsupervised': 'binary', 'candidate_labels': ['This is a picture that looks like please click on all images of the heaviest animal species.', \"This is a picture that don't look like please click on all images of the heaviest animal species.\"], 'prompt': 'Ple–∞se —Ålick on all im–∞ges of t“ªe heaviest –∞n—ñmal species', 'timit': '0.721s'}\n", "record": {"elapsed": {"repr": "0:02:32.929364", "seconds": 152.929364}, "exception": null, "extra": {"unsupervised": "binary", "candidate_labels": ["This is a picture that looks like please click on all images of the heaviest animal species.", "This is a picture that don't look like please click on all images of the heaviest animal species."], "prompt": "Ple–∞se —Ålick on all im–∞ges of t“ªe heaviest –∞n—ñmal species", "timit": "0.721s"}, "file": {"name": "control.py", "path": "/opt/hostedtoolcache/Python/3.10.13/x64/lib/python3.10/site-packages/hcaptcha_challenger/agents/playwright/control.py"}, "function": "_catch_all_binary_challenge", "level": {"icon": "üêû", "name": "DEBUG", "no": 10}, "line": 474, "message": "handle task", "module": "control", "name": "hcaptcha_challenger.agents.playwright.control", "process": {"id": 3497, "name": "MainProcess"}, "thread": {"id": 140148081834880, "name": "MainThread"}, "time": {"repr": "2023-12-25 04:28:11.369018+08:00", "timestamp": 1703449691.369018}}}
{"text": "2023-12-25 04:28:20 | DEBUG    | epic_games.agent:insert_challenge:106 | task done - {'sattus': 'success'}\n", "record": {"elapsed": {"repr": "0:02:42.280441", "seconds": 162.280441}, "exception": null, "extra": {"sattus": "success"}, "file": {"name": "agent.py", "path": "/home/runner/work/epic-claimer/epic-claimer/epic/src/epic_games/agent.py"}, "function": "insert_challenge", "level": {"icon": "üêû", "name": "DEBUG", "no": 10}, "line": 106, "message": "task done", "module": "agent", "name": "epic_games.agent", "process": {"id": 3497, "name": "MainProcess"}, "thread": {"id": 140148081834880, "name": "MainThread"}, "time": {"repr": "2023-12-25 04:28:20.720095+08:00", "timestamp": 1703449700.720095}}}
{"text": "2023-12-25 04:28:52 | ERROR    | __main__:run:158 | An error has been caught in function 'run', process 'MainProcess' (3497), thread 'MainThread' (140148081834880): - {}\nTraceback (most recent call last):\n  File \"/home/runner/work/epic-claimer/epic-claimer/epic/src/claim.py\", line 151, in stash\n    await self.claim_epic_games(context)\n  File \"/home/runner/work/epic-claimer/epic-claimer/epic/src/claim.py\", line 122, in claim_epic_games\n    await epic.claim_weekly_games(page, single_promotions)\n  File \"/opt/hostedtoolcache/Python/3.10.13/x64/lib/python3.10/site-packages/tenacity/_asyncio.py\", line 88, in async_wrapped\n    return await fn(*args, **kwargs)\n  File \"/opt/hostedtoolcache/Python/3.10.13/x64/lib/python3.10/site-packages/tenacity/_asyncio.py\", line 47, in __call__\n    do = self.iter(retry_state=retry_state)\n  File \"/opt/hostedtoolcache/Python/3.10.13/x64/lib/python3.10/site-packages/tenacity/__init__.py\", line 325, in iter\n    raise retry_exc.reraise()\n  File \"/opt/hostedtoolcache/Python/3.10.13/x64/lib/python3.10/site-packages/tenacity/__init__.py\", line 158, in reraise\n    raise self.last_attempt.result()\n  File \"/opt/hostedtoolcache/Python/3.10.13/x64/lib/python3.10/concurrent/futures/_base.py\", line 451, in result\n    return self.__get_result()\n  File \"/opt/hostedtoolcache/Python/3.10.13/x64/lib/python3.10/concurrent/futures/_base.py\", line 403, in __get_result\n    raise self._exception\n  File \"/opt/hostedtoolcache/Python/3.10.13/x64/lib/python3.10/site-packages/tenacity/_asyncio.py\", line 50, in __call__\n    result = await fn(*args, **kwargs)\n  File \"/home/runner/work/epic-claimer/epic-claimer/epic/src/epic_games/agent.py\", line 338, in claim_weekly_games\n    await page.wait_for_url(recur_url)\n  File \"/opt/hostedtoolcache/Python/3.10.13/x64/lib/python3.10/site-packages/playwright/async_api/_generated.py\", line 9417, in wait_for_url\n    await self._impl_obj.wait_for_url(\n  File \"/opt/hostedtoolcache/Python/3.10.13/x64/lib/python3.10/site-packages/playwright/_impl/_page.py\", line 499, in wait_for_url\n    return await self._main_frame.wait_for_url(**locals_to_params(locals()))\n  File \"/opt/hostedtoolcache/Python/3.10.13/x64/lib/python3.10/site-packages/playwright/_impl/_frame.py\", line 227, in wait_for_url\n    async with self.expect_navigation(\n  File \"/opt/hostedtoolcache/Python/3.10.13/x64/lib/python3.10/site-packages/playwright/_impl/_event_context_manager.py\", line 33, in __aexit__\n    await self._future\n  File \"/opt/hostedtoolcache/Python/3.10.13/x64/lib/python3.10/site-packages/playwright/_impl/_frame.py\", line 202, in continuation\n    event = await waiter.result()\nplaywright._impl._errors.TimeoutError: Timeout 30000ms exceeded.\n=========================== logs ===========================\nwaiting for navigation to \"https://store.epicgames.com/en-US/cart/success\" until 'load'\n============================================================\n\nDuring handling of the above exception, another exception occurred:\n\nTraceback (most recent call last):\n  File \"/home/runner/work/epic-claimer/epic-claimer/epic/src/claim.py\", line 162, in <module>\n    asyncio.run(run())\n  File \"/opt/hostedtoolcache/Python/3.10.13/x64/lib/python3.10/asyncio/runners.py\", line 44, in run\n    return loop.run_until_complete(main)\n  File \"/opt/hostedtoolcache/Python/3.10.13/x64/lib/python3.10/asyncio/base_events.py\", line 636, in run_until_complete\n    self.run_forever()\n  File \"/opt/hostedtoolcache/Python/3.10.13/x64/lib/python3.10/asyncio/base_events.py\", line 603, in run_forever\n    self._run_once()\n  File \"/opt/hostedtoolcache/Python/3.10.13/x64/lib/python3.10/asyncio/base_events.py\", line 1909, in _run_once\n    handle._run()\n  File \"/opt/hostedtoolcache/Python/3.10.13/x64/lib/python3.10/asyncio/events.py\", line 80, in _run\n    self._context.run(self._callback, *self._args)\n> File \"/home/runner/work/epic-claimer/epic-claimer/epic/src/claim.py\", line 158, in run\n    await agent.stash()\n  File \"/home/runner/work/epic-claimer/epic-claimer/epic/src/claim.py\", line 139, in stash\n    async with async_playwright() as p:\n  File \"/opt/hostedtoolcache/Python/3.10.13/x64/lib/python3.10/site-packages/playwright/async_api/_context_manager.py\", line 58, in __aexit__\n    await self._connection.stop_async()\n  File \"/opt/hostedtoolcache/Python/3.10.13/x64/lib/python3.10/site-packages/playwright/_impl/_connection.py\", line 288, in stop_async\n    self.cleanup()\n  File \"/opt/hostedtoolcache/Python/3.10.13/x64/lib/python3.10/site-packages/playwright/_impl/_connection.py\", line 299, in cleanup\n    callback.future.set_exception(self._closed_error)\nasyncio.exceptions.InvalidStateError: invalid state\n", "record": {"elapsed": {"repr": "0:03:14.134166", "seconds": 194.134166}, "exception": {"type": "InvalidStateError", "value": "invalid state", "traceback": true}, "extra": {}, "file": {"name": "claim.py", "path": "/home/runner/work/epic-claimer/epic-claimer/epic/src/claim.py"}, "function": "run", "level": {"icon": "‚ùå", "name": "ERROR", "no": 40}, "line": 158, "message": "An error has been caught in function 'run', process 'MainProcess' (3497), thread 'MainThread' (140148081834880):", "module": "claim", "name": "__main__", "process": {"id": 3497, "name": "MainProcess"}, "thread": {"id": 140148081834880, "name": "MainThread"}, "time": {"repr": "2023-12-25 04:28:52.573820+08:00", "timestamp": 1703449732.57382}}}
