{"text": "2023-12-26 04:25:59 | INFO    | __main__:stash:131 | run - {'image': '20231121', 'version': '0.10.1.post2', 'role': 'EpicPlayer', 'headless': True}\n", "record": {"elapsed": {"repr": "0:00:01.497360", "seconds": 1.49736}, "exception": null, "extra": {"image": "20231121", "version": "0.10.1.post2", "role": "EpicPlayer", "headless": true}, "file": {"name": "claim.py", "path": "/home/runner/work/epic-claimer/epic-claimer/epic/src/claim.py"}, "function": "stash", "level": {"icon": "‚ÑπÔ∏è", "name": "INFO", "no": 20}, "line": 131, "message": "run", "module": "claim", "name": "__main__", "process": {"id": 3525, "name": "MainProcess"}, "thread": {"id": 140456329210752, "name": "MainThread"}, "time": {"repr": "2023-12-26 04:25:59.579151+08:00", "timestamp": 1703535959.579151}}}
{"text": "2023-12-26 04:26:04 | DEBUG    | __main__:create_tasks:66 | Put task - {'title': \"The Outer Worlds: Spacer's Choice Edition\", 'url': 'https://store.epicgames.com/en-US/p/the-outer-worlds-spacers-choice-edition'}\n", "record": {"elapsed": {"repr": "0:00:06.398342", "seconds": 6.398342}, "exception": null, "extra": {"title": "The Outer Worlds: Spacer's Choice Edition", "url": "https://store.epicgames.com/en-US/p/the-outer-worlds-spacers-choice-edition"}, "file": {"name": "claim.py", "path": "/home/runner/work/epic-claimer/epic-claimer/epic/src/claim.py"}, "function": "create_tasks", "level": {"icon": "üêû", "name": "DEBUG", "no": 10}, "line": 66, "message": "Put task", "module": "claim", "name": "__main__", "process": {"id": 3525, "name": "MainProcess"}, "thread": {"id": 140456329210752, "name": "MainThread"}, "time": {"repr": "2023-12-26 04:26:04.480133+08:00", "timestamp": 1703535964.480133}}}
{"text": "2023-12-26 04:26:08 | INFO    | epic_games.agent:claim_weekly_games:294 | claim_weekly_games - {'action': 'go to store', 'url': 'https://store.epicgames.com/en-US/p/the-outer-worlds-spacers-choice-edition'}\n", "record": {"elapsed": {"repr": "0:00:10.764381", "seconds": 10.764381}, "exception": null, "extra": {"action": "go to store", "url": "https://store.epicgames.com/en-US/p/the-outer-worlds-spacers-choice-edition"}, "file": {"name": "agent.py", "path": "/home/runner/work/epic-claimer/epic-claimer/epic/src/epic_games/agent.py"}, "function": "claim_weekly_games", "level": {"icon": "‚ÑπÔ∏è", "name": "INFO", "no": 20}, "line": 294, "message": "claim_weekly_games", "module": "agent", "name": "epic_games.agent", "process": {"id": 3525, "name": "MainProcess"}, "thread": {"id": 140456329210752, "name": "MainThread"}, "time": {"repr": "2023-12-26 04:26:08.846172+08:00", "timestamp": 1703535968.846172}}}
{"text": "2023-12-26 04:26:18 | INFO    | epic_games.agent:claim_weekly_games:326 | claim_weekly_games - {'action': 'move to webPurchaseContainer iframe'}\n", "record": {"elapsed": {"repr": "0:00:20.328419", "seconds": 20.328419}, "exception": null, "extra": {"action": "move to webPurchaseContainer iframe"}, "file": {"name": "agent.py", "path": "/home/runner/work/epic-claimer/epic-claimer/epic/src/epic_games/agent.py"}, "function": "claim_weekly_games", "level": {"icon": "‚ÑπÔ∏è", "name": "INFO", "no": 20}, "line": 326, "message": "claim_weekly_games", "module": "agent", "name": "epic_games.agent", "process": {"id": 3525, "name": "MainProcess"}, "thread": {"id": 140456329210752, "name": "MainThread"}, "time": {"repr": "2023-12-26 04:26:18.410210+08:00", "timestamp": 1703535978.41021}}}
{"text": "2023-12-26 04:26:20 | INFO    | epic_games.agent:claim_weekly_games:328 | claim_weekly_games - {'action': 'click payment button'}\n", "record": {"elapsed": {"repr": "0:00:22.700233", "seconds": 22.700233}, "exception": null, "extra": {"action": "click payment button"}, "file": {"name": "agent.py", "path": "/home/runner/work/epic-claimer/epic-claimer/epic/src/epic_games/agent.py"}, "function": "claim_weekly_games", "level": {"icon": "‚ÑπÔ∏è", "name": "INFO", "no": 20}, "line": 328, "message": "claim_weekly_games", "module": "agent", "name": "epic_games.agent", "process": {"id": 3525, "name": "MainProcess"}, "thread": {"id": 140456329210752, "name": "MainThread"}, "time": {"repr": "2023-12-26 04:26:20.782024+08:00", "timestamp": 1703535980.782024}}}
{"text": "2023-12-26 04:26:25 | DEBUG    | hcaptcha_challenger.agents.playwright.control:_parse_label:241 | get task - {'prompt': 'Please click on all images of the heaviest animal species'}\n", "record": {"elapsed": {"repr": "0:00:27.702083", "seconds": 27.702083}, "exception": null, "extra": {"prompt": "Please click on all images of the heaviest animal species"}, "file": {"name": "control.py", "path": "/opt/hostedtoolcache/Python/3.10.13/x64/lib/python3.10/site-packages/hcaptcha_challenger/agents/playwright/control.py"}, "function": "_parse_label", "level": {"icon": "üêû", "name": "DEBUG", "no": 10}, "line": 241, "message": "get task", "module": "control", "name": "hcaptcha_challenger.agents.playwright.control", "process": {"id": 3525, "name": "MainProcess"}, "thread": {"id": 140456329210752, "name": "MainThread"}, "time": {"repr": "2023-12-26 04:26:25.783874+08:00", "timestamp": 1703535985.783874}}}
{"text": "2023-12-26 04:26:26 | DEBUG    | hcaptcha_challenger.agents.playwright.control:_catch_all_binary_challenge:474 | handle task - {'unsupervised': 'binary', 'candidate_labels': ['This is a picture that looks like please click on all images of the heaviest animal species.', \"This is a picture that don't look like please click on all images of the heaviest animal species.\"], 'prompt': 'Please click on all images of the heaviest animal species', 'timit': '0.938s'}\n", "record": {"elapsed": {"repr": "0:00:28.774242", "seconds": 28.774242}, "exception": null, "extra": {"unsupervised": "binary", "candidate_labels": ["This is a picture that looks like please click on all images of the heaviest animal species.", "This is a picture that don't look like please click on all images of the heaviest animal species."], "prompt": "Please click on all images of the heaviest animal species", "timit": "0.938s"}, "file": {"name": "control.py", "path": "/opt/hostedtoolcache/Python/3.10.13/x64/lib/python3.10/site-packages/hcaptcha_challenger/agents/playwright/control.py"}, "function": "_catch_all_binary_challenge", "level": {"icon": "üêû", "name": "DEBUG", "no": 10}, "line": 474, "message": "handle task", "module": "control", "name": "hcaptcha_challenger.agents.playwright.control", "process": {"id": 3525, "name": "MainProcess"}, "thread": {"id": 140456329210752, "name": "MainThread"}, "time": {"repr": "2023-12-26 04:26:26.856033+08:00", "timestamp": 1703535986.856033}}}
{"text": "2023-12-26 04:26:36 | DEBUG    | epic_games.agent:insert_challenge:106 | task done - {'sattus': 'success'}\n", "record": {"elapsed": {"repr": "0:00:38.371893", "seconds": 38.371893}, "exception": null, "extra": {"sattus": "success"}, "file": {"name": "agent.py", "path": "/home/runner/work/epic-claimer/epic-claimer/epic/src/epic_games/agent.py"}, "function": "insert_challenge", "level": {"icon": "üêû", "name": "DEBUG", "no": 10}, "line": 106, "message": "task done", "module": "agent", "name": "epic_games.agent", "process": {"id": 3525, "name": "MainProcess"}, "thread": {"id": 140456329210752, "name": "MainThread"}, "time": {"repr": "2023-12-26 04:26:36.453684+08:00", "timestamp": 1703535996.453684}}}
{"text": "2023-12-26 04:27:08 | INFO    | epic_games.agent:claim_weekly_games:294 | claim_weekly_games - {'action': 'go to store', 'url': 'https://store.epicgames.com/en-US/p/the-outer-worlds-spacers-choice-edition'}\n", "record": {"elapsed": {"repr": "0:01:10.554920", "seconds": 70.55492}, "exception": null, "extra": {"action": "go to store", "url": "https://store.epicgames.com/en-US/p/the-outer-worlds-spacers-choice-edition"}, "file": {"name": "agent.py", "path": "/home/runner/work/epic-claimer/epic-claimer/epic/src/epic_games/agent.py"}, "function": "claim_weekly_games", "level": {"icon": "‚ÑπÔ∏è", "name": "INFO", "no": 20}, "line": 294, "message": "claim_weekly_games", "module": "agent", "name": "epic_games.agent", "process": {"id": 3525, "name": "MainProcess"}, "thread": {"id": 140456329210752, "name": "MainThread"}, "time": {"repr": "2023-12-26 04:27:08.636711+08:00", "timestamp": 1703536028.636711}}}
{"text": "2023-12-26 04:27:16 | INFO    | epic_games.agent:claim_weekly_games:326 | claim_weekly_games - {'action': 'move to webPurchaseContainer iframe'}\n", "record": {"elapsed": {"repr": "0:01:18.768232", "seconds": 78.768232}, "exception": null, "extra": {"action": "move to webPurchaseContainer iframe"}, "file": {"name": "agent.py", "path": "/home/runner/work/epic-claimer/epic-claimer/epic/src/epic_games/agent.py"}, "function": "claim_weekly_games", "level": {"icon": "‚ÑπÔ∏è", "name": "INFO", "no": 20}, "line": 326, "message": "claim_weekly_games", "module": "agent", "name": "epic_games.agent", "process": {"id": 3525, "name": "MainProcess"}, "thread": {"id": 140456329210752, "name": "MainThread"}, "time": {"repr": "2023-12-26 04:27:16.850023+08:00", "timestamp": 1703536036.850023}}}
{"text": "2023-12-26 04:27:19 | INFO    | epic_games.agent:claim_weekly_games:328 | claim_weekly_games - {'action': 'click payment button'}\n", "record": {"elapsed": {"repr": "0:01:21.149036", "seconds": 81.149036}, "exception": null, "extra": {"action": "click payment button"}, "file": {"name": "agent.py", "path": "/home/runner/work/epic-claimer/epic-claimer/epic/src/epic_games/agent.py"}, "function": "claim_weekly_games", "level": {"icon": "‚ÑπÔ∏è", "name": "INFO", "no": 20}, "line": 328, "message": "claim_weekly_games", "module": "agent", "name": "epic_games.agent", "process": {"id": 3525, "name": "MainProcess"}, "thread": {"id": 140456329210752, "name": "MainThread"}, "time": {"repr": "2023-12-26 04:27:19.230827+08:00", "timestamp": 1703536039.230827}}}
{"text": "2023-12-26 04:27:24 | DEBUG    | hcaptcha_challenger.agents.playwright.control:_parse_label:241 | get task - {'prompt': 'Please click on all images Œøf the heaviest animal s—Äecies'}\n", "record": {"elapsed": {"repr": "0:01:26.151428", "seconds": 86.151428}, "exception": null, "extra": {"prompt": "Please click on all images Œøf the heaviest animal s—Äecies"}, "file": {"name": "control.py", "path": "/opt/hostedtoolcache/Python/3.10.13/x64/lib/python3.10/site-packages/hcaptcha_challenger/agents/playwright/control.py"}, "function": "_parse_label", "level": {"icon": "üêû", "name": "DEBUG", "no": 10}, "line": 241, "message": "get task", "module": "control", "name": "hcaptcha_challenger.agents.playwright.control", "process": {"id": 3525, "name": "MainProcess"}, "thread": {"id": 140456329210752, "name": "MainThread"}, "time": {"repr": "2023-12-26 04:27:24.233219+08:00", "timestamp": 1703536044.233219}}}
{"text": "2023-12-26 04:27:25 | DEBUG    | hcaptcha_challenger.agents.playwright.control:_catch_all_binary_challenge:474 | handle task - {'unsupervised': 'binary', 'candidate_labels': ['This is a picture that looks like please click on all images of the heaviest animal species.', \"This is a picture that don't look like please click on all images of the heaviest animal species.\"], 'prompt': 'Please click on all images Œøf the heaviest animal s—Äecies', 'timit': '0.736s'}\n", "record": {"elapsed": {"repr": "0:01:27.005229", "seconds": 87.005229}, "exception": null, "extra": {"unsupervised": "binary", "candidate_labels": ["This is a picture that looks like please click on all images of the heaviest animal species.", "This is a picture that don't look like please click on all images of the heaviest animal species."], "prompt": "Please click on all images Œøf the heaviest animal s—Äecies", "timit": "0.736s"}, "file": {"name": "control.py", "path": "/opt/hostedtoolcache/Python/3.10.13/x64/lib/python3.10/site-packages/hcaptcha_challenger/agents/playwright/control.py"}, "function": "_catch_all_binary_challenge", "level": {"icon": "üêû", "name": "DEBUG", "no": 10}, "line": 474, "message": "handle task", "module": "control", "name": "hcaptcha_challenger.agents.playwright.control", "process": {"id": 3525, "name": "MainProcess"}, "thread": {"id": 140456329210752, "name": "MainThread"}, "time": {"repr": "2023-12-26 04:27:25.087020+08:00", "timestamp": 1703536045.08702}}}
{"text": "2023-12-26 04:27:36 | DEBUG    | epic_games.agent:insert_challenge:106 | task done - {'sattus': 'success'}\n", "record": {"elapsed": {"repr": "0:01:38.243206", "seconds": 98.243206}, "exception": null, "extra": {"sattus": "success"}, "file": {"name": "agent.py", "path": "/home/runner/work/epic-claimer/epic-claimer/epic/src/epic_games/agent.py"}, "function": "insert_challenge", "level": {"icon": "üêû", "name": "DEBUG", "no": 10}, "line": 106, "message": "task done", "module": "agent", "name": "epic_games.agent", "process": {"id": 3525, "name": "MainProcess"}, "thread": {"id": 140456329210752, "name": "MainThread"}, "time": {"repr": "2023-12-26 04:27:36.324997+08:00", "timestamp": 1703536056.324997}}}
{"text": "2023-12-26 04:28:08 | INFO    | epic_games.agent:claim_weekly_games:294 | claim_weekly_games - {'action': 'go to store', 'url': 'https://store.epicgames.com/en-US/p/the-outer-worlds-spacers-choice-edition'}\n", "record": {"elapsed": {"repr": "0:02:10.402963", "seconds": 130.402963}, "exception": null, "extra": {"action": "go to store", "url": "https://store.epicgames.com/en-US/p/the-outer-worlds-spacers-choice-edition"}, "file": {"name": "agent.py", "path": "/home/runner/work/epic-claimer/epic-claimer/epic/src/epic_games/agent.py"}, "function": "claim_weekly_games", "level": {"icon": "‚ÑπÔ∏è", "name": "INFO", "no": 20}, "line": 294, "message": "claim_weekly_games", "module": "agent", "name": "epic_games.agent", "process": {"id": 3525, "name": "MainProcess"}, "thread": {"id": 140456329210752, "name": "MainThread"}, "time": {"repr": "2023-12-26 04:28:08.484754+08:00", "timestamp": 1703536088.484754}}}
{"text": "2023-12-26 04:28:17 | INFO    | epic_games.agent:claim_weekly_games:326 | claim_weekly_games - {'action': 'move to webPurchaseContainer iframe'}\n", "record": {"elapsed": {"repr": "0:02:18.962576", "seconds": 138.962576}, "exception": null, "extra": {"action": "move to webPurchaseContainer iframe"}, "file": {"name": "agent.py", "path": "/home/runner/work/epic-claimer/epic-claimer/epic/src/epic_games/agent.py"}, "function": "claim_weekly_games", "level": {"icon": "‚ÑπÔ∏è", "name": "INFO", "no": 20}, "line": 326, "message": "claim_weekly_games", "module": "agent", "name": "epic_games.agent", "process": {"id": 3525, "name": "MainProcess"}, "thread": {"id": 140456329210752, "name": "MainThread"}, "time": {"repr": "2023-12-26 04:28:17.044367+08:00", "timestamp": 1703536097.044367}}}
{"text": "2023-12-26 04:28:19 | INFO    | epic_games.agent:claim_weekly_games:328 | claim_weekly_games - {'action': 'click payment button'}\n", "record": {"elapsed": {"repr": "0:02:21.407826", "seconds": 141.407826}, "exception": null, "extra": {"action": "click payment button"}, "file": {"name": "agent.py", "path": "/home/runner/work/epic-claimer/epic-claimer/epic/src/epic_games/agent.py"}, "function": "claim_weekly_games", "level": {"icon": "‚ÑπÔ∏è", "name": "INFO", "no": 20}, "line": 328, "message": "claim_weekly_games", "module": "agent", "name": "epic_games.agent", "process": {"id": 3525, "name": "MainProcess"}, "thread": {"id": 140456329210752, "name": "MainThread"}, "time": {"repr": "2023-12-26 04:28:19.489617+08:00", "timestamp": 1703536099.489617}}}
{"text": "2023-12-26 04:28:24 | DEBUG    | hcaptcha_challenger.agents.playwright.control:_parse_label:241 | get task - {'prompt': 'Pl–µase click on –∞ll images of the h–µaviest –∞nimal speci–µs'}\n", "record": {"elapsed": {"repr": "0:02:26.410676", "seconds": 146.410676}, "exception": null, "extra": {"prompt": "Pl–µase click on –∞ll images of the h–µaviest –∞nimal speci–µs"}, "file": {"name": "control.py", "path": "/opt/hostedtoolcache/Python/3.10.13/x64/lib/python3.10/site-packages/hcaptcha_challenger/agents/playwright/control.py"}, "function": "_parse_label", "level": {"icon": "üêû", "name": "DEBUG", "no": 10}, "line": 241, "message": "get task", "module": "control", "name": "hcaptcha_challenger.agents.playwright.control", "process": {"id": 3525, "name": "MainProcess"}, "thread": {"id": 140456329210752, "name": "MainThread"}, "time": {"repr": "2023-12-26 04:28:24.492467+08:00", "timestamp": 1703536104.492467}}}
{"text": "2023-12-26 04:28:25 | DEBUG    | hcaptcha_challenger.agents.playwright.control:_catch_all_binary_challenge:474 | handle task - {'unsupervised': 'binary', 'candidate_labels': ['This is a picture that looks like please click on all images of the heaviest animal species.', \"This is a picture that don't look like please click on all images of the heaviest animal species.\"], 'prompt': 'Pl–µase click on –∞ll images of the h–µaviest –∞nimal speci–µs', 'timit': '0.700s'}\n", "record": {"elapsed": {"repr": "0:02:27.232086", "seconds": 147.232086}, "exception": null, "extra": {"unsupervised": "binary", "candidate_labels": ["This is a picture that looks like please click on all images of the heaviest animal species.", "This is a picture that don't look like please click on all images of the heaviest animal species."], "prompt": "Pl–µase click on –∞ll images of the h–µaviest –∞nimal speci–µs", "timit": "0.700s"}, "file": {"name": "control.py", "path": "/opt/hostedtoolcache/Python/3.10.13/x64/lib/python3.10/site-packages/hcaptcha_challenger/agents/playwright/control.py"}, "function": "_catch_all_binary_challenge", "level": {"icon": "üêû", "name": "DEBUG", "no": 10}, "line": 474, "message": "handle task", "module": "control", "name": "hcaptcha_challenger.agents.playwright.control", "process": {"id": 3525, "name": "MainProcess"}, "thread": {"id": 140456329210752, "name": "MainThread"}, "time": {"repr": "2023-12-26 04:28:25.313877+08:00", "timestamp": 1703536105.313877}}}
{"text": "2023-12-26 04:28:34 | DEBUG    | epic_games.agent:insert_challenge:106 | task done - {'sattus': 'success'}\n", "record": {"elapsed": {"repr": "0:02:35.991129", "seconds": 155.991129}, "exception": null, "extra": {"sattus": "success"}, "file": {"name": "agent.py", "path": "/home/runner/work/epic-claimer/epic-claimer/epic/src/epic_games/agent.py"}, "function": "insert_challenge", "level": {"icon": "üêû", "name": "DEBUG", "no": 10}, "line": 106, "message": "task done", "module": "agent", "name": "epic_games.agent", "process": {"id": 3525, "name": "MainProcess"}, "thread": {"id": 140456329210752, "name": "MainThread"}, "time": {"repr": "2023-12-26 04:28:34.072920+08:00", "timestamp": 1703536114.07292}}}
{"text": "2023-12-26 04:29:05 | ERROR    | __main__:run:158 | An error has been caught in function 'run', process 'MainProcess' (3525), thread 'MainThread' (140456329210752): - {}\nTraceback (most recent call last):\n  File \"/home/runner/work/epic-claimer/epic-claimer/epic/src/claim.py\", line 151, in stash\n    await self.claim_epic_games(context)\n  File \"/home/runner/work/epic-claimer/epic-claimer/epic/src/claim.py\", line 122, in claim_epic_games\n    await epic.claim_weekly_games(page, single_promotions)\n  File \"/opt/hostedtoolcache/Python/3.10.13/x64/lib/python3.10/site-packages/tenacity/_asyncio.py\", line 88, in async_wrapped\n    return await fn(*args, **kwargs)\n  File \"/opt/hostedtoolcache/Python/3.10.13/x64/lib/python3.10/site-packages/tenacity/_asyncio.py\", line 47, in __call__\n    do = self.iter(retry_state=retry_state)\n  File \"/opt/hostedtoolcache/Python/3.10.13/x64/lib/python3.10/site-packages/tenacity/__init__.py\", line 325, in iter\n    raise retry_exc.reraise()\n  File \"/opt/hostedtoolcache/Python/3.10.13/x64/lib/python3.10/site-packages/tenacity/__init__.py\", line 158, in reraise\n    raise self.last_attempt.result()\n  File \"/opt/hostedtoolcache/Python/3.10.13/x64/lib/python3.10/concurrent/futures/_base.py\", line 451, in result\n    return self.__get_result()\n  File \"/opt/hostedtoolcache/Python/3.10.13/x64/lib/python3.10/concurrent/futures/_base.py\", line 403, in __get_result\n    raise self._exception\n  File \"/opt/hostedtoolcache/Python/3.10.13/x64/lib/python3.10/site-packages/tenacity/_asyncio.py\", line 50, in __call__\n    result = await fn(*args, **kwargs)\n  File \"/home/runner/work/epic-claimer/epic-claimer/epic/src/epic_games/agent.py\", line 338, in claim_weekly_games\n    await page.wait_for_url(recur_url)\n  File \"/opt/hostedtoolcache/Python/3.10.13/x64/lib/python3.10/site-packages/playwright/async_api/_generated.py\", line 9417, in wait_for_url\n    await self._impl_obj.wait_for_url(\n  File \"/opt/hostedtoolcache/Python/3.10.13/x64/lib/python3.10/site-packages/playwright/_impl/_page.py\", line 499, in wait_for_url\n    return await self._main_frame.wait_for_url(**locals_to_params(locals()))\n  File \"/opt/hostedtoolcache/Python/3.10.13/x64/lib/python3.10/site-packages/playwright/_impl/_frame.py\", line 227, in wait_for_url\n    async with self.expect_navigation(\n  File \"/opt/hostedtoolcache/Python/3.10.13/x64/lib/python3.10/site-packages/playwright/_impl/_event_context_manager.py\", line 33, in __aexit__\n    await self._future\n  File \"/opt/hostedtoolcache/Python/3.10.13/x64/lib/python3.10/site-packages/playwright/_impl/_frame.py\", line 202, in continuation\n    event = await waiter.result()\nplaywright._impl._errors.TimeoutError: Timeout 30000ms exceeded.\n=========================== logs ===========================\nwaiting for navigation to \"https://store.epicgames.com/en-US/cart/success\" until 'load'\n============================================================\n\nDuring handling of the above exception, another exception occurred:\n\nTraceback (most recent call last):\n  File \"/home/runner/work/epic-claimer/epic-claimer/epic/src/claim.py\", line 162, in <module>\n    asyncio.run(run())\n  File \"/opt/hostedtoolcache/Python/3.10.13/x64/lib/python3.10/asyncio/runners.py\", line 44, in run\n    return loop.run_until_complete(main)\n  File \"/opt/hostedtoolcache/Python/3.10.13/x64/lib/python3.10/asyncio/base_events.py\", line 636, in run_until_complete\n    self.run_forever()\n  File \"/opt/hostedtoolcache/Python/3.10.13/x64/lib/python3.10/asyncio/base_events.py\", line 603, in run_forever\n    self._run_once()\n  File \"/opt/hostedtoolcache/Python/3.10.13/x64/lib/python3.10/asyncio/base_events.py\", line 1909, in _run_once\n    handle._run()\n  File \"/opt/hostedtoolcache/Python/3.10.13/x64/lib/python3.10/asyncio/events.py\", line 80, in _run\n    self._context.run(self._callback, *self._args)\n> File \"/home/runner/work/epic-claimer/epic-claimer/epic/src/claim.py\", line 158, in run\n    await agent.stash()\n  File \"/home/runner/work/epic-claimer/epic-claimer/epic/src/claim.py\", line 139, in stash\n    async with async_playwright() as p:\n  File \"/opt/hostedtoolcache/Python/3.10.13/x64/lib/python3.10/site-packages/playwright/async_api/_context_manager.py\", line 58, in __aexit__\n    await self._connection.stop_async()\n  File \"/opt/hostedtoolcache/Python/3.10.13/x64/lib/python3.10/site-packages/playwright/_impl/_connection.py\", line 288, in stop_async\n    self.cleanup()\n  File \"/opt/hostedtoolcache/Python/3.10.13/x64/lib/python3.10/site-packages/playwright/_impl/_connection.py\", line 299, in cleanup\n    callback.future.set_exception(self._closed_error)\nasyncio.exceptions.InvalidStateError: invalid state\n", "record": {"elapsed": {"repr": "0:03:07.829619", "seconds": 187.829619}, "exception": {"type": "InvalidStateError", "value": "invalid state", "traceback": true}, "extra": {}, "file": {"name": "claim.py", "path": "/home/runner/work/epic-claimer/epic-claimer/epic/src/claim.py"}, "function": "run", "level": {"icon": "‚ùå", "name": "ERROR", "no": 40}, "line": 158, "message": "An error has been caught in function 'run', process 'MainProcess' (3525), thread 'MainThread' (140456329210752):", "module": "claim", "name": "__main__", "process": {"id": 3525, "name": "MainProcess"}, "thread": {"id": 140456329210752, "name": "MainThread"}, "time": {"repr": "2023-12-26 04:29:05.911410+08:00", "timestamp": 1703536145.91141}}}
